0 verbose cli /nix/store/9d235766g7alzlalw4z8yqxql0jl2mgd-nodejs-22.18.0/bin/node /nix/store/9d235766g7alzlalw4z8yqxql0jl2mgd-nodejs-22.18.0/bin/npm
1 info using npm@10.9.3
2 info using node@v22.18.0
3 silly config load:file:/nix/store/9d235766g7alzlalw4z8yqxql0jl2mgd-nodejs-22.18.0/lib/node_modules/npm/npmrc
4 silly config load:file:/home/mateus/.cache/typescript/5.9/.npmrc
5 silly config load:file:/home/mateus/.npmrc
6 silly config load:file:/home/mateus/repos/desafio-mad/.npm_global/etc/npmrc
7 verbose title npm install types-registry@latest
8 verbose argv "install" "--ignore-scripts" "types-registry@latest"
9 verbose logfile logs-max:10 dir:/home/mateus/repos/desafio-mad/.npm_cache/_logs/2025-12-02T20_27_16_244Z-
10 verbose logfile /home/mateus/repos/desafio-mad/.npm_cache/_logs/2025-12-02T20_27_16_244Z-debug-0.log
11 silly logfile done cleaning log files
12 silly packumentCache heap:4345298944 maxSize:1086324736 maxEntrySize:543162368
13 silly packumentCache corgi:https://registry.npmjs.org/types-registry cache-miss
14 http cache https://registry.npmjs.org/types-registry 18ms (cache hit)
15 silly packumentCache corgi:https://registry.npmjs.org/types-registry set size:613102 disposed:false
16 silly idealTree buildDeps
17 silly fetch manifest types-registry@0.1.748
18 silly packumentCache full:https://registry.npmjs.org/types-registry cache-miss
19 http cache https://registry.npmjs.org/types-registry 7ms (cache hit)
20 silly packumentCache full:https://registry.npmjs.org/types-registry set size:1314897 disposed:false
21 silly placeDep ROOT types-registry@0.1.748 REPLACE for:  want: 0.1.748
22 silly reify moves {}
23 silly audit bulk request {
23 silly audit   '@types/body-parser': [ '1.19.6' ],
23 silly audit   '@types/connect': [ '3.4.38' ],
23 silly audit   '@types/express': [ '5.0.6' ],
23 silly audit   '@types/express-serve-static-core': [ '5.1.0' ],
23 silly audit   '@types/http-errors': [ '2.0.5' ],
23 silly audit   '@types/node': [ '24.10.1' ],
23 silly audit   '@types/qs': [ '6.14.0' ],
23 silly audit   '@types/range-parser': [ '1.2.7' ],
23 silly audit   '@types/react': [ '19.2.7' ],
23 silly audit   '@types/send': [ '1.2.1' ],
23 silly audit   '@types/serve-static': [ '2.2.0' ],
23 silly audit   csstype: [ '3.2.3' ],
23 silly audit   'undici-types': [ '7.16.0' ],
23 silly audit   'types-registry': [ '0.1.748' ]
23 silly audit }
24 http fetch POST 200 https://registry.npmjs.org/-/npm/v1/security/advisories/bulk 704ms
25 silly audit report {}
26 verbose cwd /home/mateus/.cache/typescript/5.9
27 verbose os Linux 6.12.58
28 verbose node v22.18.0
29 verbose npm  v10.9.3
30 verbose exit 0
31 info ok
