0 verbose cli /nix/store/9d235766g7alzlalw4z8yqxql0jl2mgd-nodejs-22.18.0/bin/node /nix/store/9d235766g7alzlalw4z8yqxql0jl2mgd-nodejs-22.18.0/bin/npm
1 info using npm@10.9.3
2 info using node@v22.18.0
3 silly config load:file:/nix/store/9d235766g7alzlalw4z8yqxql0jl2mgd-nodejs-22.18.0/lib/node_modules/npm/npmrc
4 silly config load:file:/home/mateus/.cache/typescript/5.9/.npmrc
5 silly config load:file:/home/mateus/.npmrc
6 silly config load:file:/home/mateus/repos/desafio-mad/.npm_global/etc/npmrc
7 verbose title npm install @types/body-parser@ts5.9 @types/node@ts5.9 @types/serve-static@ts5.9
8 verbose argv "install" "--ignore-scripts" "@types/body-parser@ts5.9" "@types/node@ts5.9" "@types/serve-static@ts5.9" "--save-dev" "--user-agent" "typesInstaller/5.9.2"
9 verbose logfile logs-max:10 dir:/home/mateus/repos/desafio-mad/.npm_cache/_logs/2025-12-02T20_25_39_840Z-
10 verbose logfile /home/mateus/repos/desafio-mad/.npm_cache/_logs/2025-12-02T20_25_39_840Z-debug-0.log
11 silly logfile done cleaning log files
12 silly packumentCache heap:4345298944 maxSize:1086324736 maxEntrySize:543162368
13 silly packumentCache corgi:https://registry.npmjs.org/@types%2fbody-parser cache-miss
14 silly packumentCache corgi:https://registry.npmjs.org/@types%2fnode cache-miss
15 silly packumentCache corgi:https://registry.npmjs.org/@types%2fserve-static cache-miss
16 http fetch GET 200 https://registry.npmjs.org/@types%2fbody-parser 243ms (cache miss)
17 silly packumentCache corgi:https://registry.npmjs.org/@types%2fbody-parser set size:undefined disposed:false
18 http fetch GET 200 https://registry.npmjs.org/@types%2fserve-static 265ms (cache miss)
19 silly packumentCache corgi:https://registry.npmjs.org/@types%2fserve-static set size:undefined disposed:false
20 http fetch GET 200 https://registry.npmjs.org/@types%2fnode 289ms (cache miss)
21 silly packumentCache corgi:https://registry.npmjs.org/@types%2fnode set size:undefined disposed:false
22 silly idealTree buildDeps
23 silly fetch manifest @types/body-parser@1.19.6
24 silly packumentCache full:https://registry.npmjs.org/@types%2fbody-parser cache-miss
25 http cache https://registry.npmjs.org/@types%2fbody-parser 9ms (cache hit)
26 silly packumentCache full:https://registry.npmjs.org/@types%2fbody-parser set size:59466 disposed:false
27 silly fetch manifest @types/serve-static@2.2.0
28 silly packumentCache full:https://registry.npmjs.org/@types%2fserve-static cache-miss
29 http cache https://registry.npmjs.org/@types%2fserve-static 4ms (cache hit)
30 silly packumentCache full:https://registry.npmjs.org/@types%2fserve-static set size:70859 disposed:false
31 silly fetch manifest @types/node@24.10.1
32 silly packumentCache full:https://registry.npmjs.org/@types%2fnode cache-miss
33 http cache https://registry.npmjs.org/@types%2fnode 32ms (cache hit)
34 silly packumentCache full:https://registry.npmjs.org/@types%2fnode set size:10693501 disposed:false
35 silly placeDep ROOT @types/body-parser@1.19.6 REPLACE for:  want: 1.19.6
36 silly placeDep ROOT @types/node@24.10.1 REPLACE for:  want: 24.10.1
37 silly placeDep ROOT @types/serve-static@2.2.0 REPLACE for:  want: 2.2.0
38 silly reify moves {}
39 silly audit bulk request {
39 silly audit   '@types/connect': [ '3.4.38' ],
39 silly audit   '@types/express': [ '5.0.6' ],
39 silly audit   '@types/express-serve-static-core': [ '5.1.0' ],
39 silly audit   '@types/http-errors': [ '2.0.5' ],
39 silly audit   '@types/qs': [ '6.14.0' ],
39 silly audit   '@types/range-parser': [ '1.2.7' ],
39 silly audit   '@types/react': [ '19.2.7' ],
39 silly audit   '@types/send': [ '1.2.1' ],
39 silly audit   csstype: [ '3.2.3' ],
39 silly audit   'types-registry': [ '0.1.748' ],
39 silly audit   'undici-types': [ '7.16.0' ],
39 silly audit   '@types/body-parser': [ '1.19.6' ],
39 silly audit   '@types/node': [ '24.10.1' ],
39 silly audit   '@types/serve-static': [ '2.2.0' ]
39 silly audit }
40 http fetch POST 200 https://registry.npmjs.org/-/npm/v1/security/advisories/bulk 223ms
41 silly audit report {}
42 verbose cwd /home/mateus/.cache/typescript/5.9
43 verbose os Linux 6.12.58
44 verbose node v22.18.0
45 verbose npm  v10.9.3
46 verbose exit 0
47 info ok
