0 verbose cli /nix/store/30klhqzvmrpyawsnm2grjj1ly8s7xzw5-nodejs-20.19.5/bin/node /nix/store/30klhqzvmrpyawsnm2grjj1ly8s7xzw5-nodejs-20.19.5/bin/npm
1 info using npm@10.8.2
2 info using node@v20.19.5
3 silly config load:file:/nix/store/30klhqzvmrpyawsnm2grjj1ly8s7xzw5-nodejs-20.19.5/lib/node_modules/npm/npmrc
4 silly config load:file:/home/mateus/repos/desafio-mad/.npmrc
5 silly config load:file:/home/mateus/.npmrc
6 silly config load:file:/home/mateus/repos/desafio-mad/.npm_global/etc/npmrc
7 verbose title npm install
8 verbose argv "install"
9 verbose logfile logs-max:10 dir:/home/mateus/repos/desafio-mad/.npm_cache/_logs/2025-12-02T20_24_24_706Z-
10 verbose logfile /home/mateus/repos/desafio-mad/.npm_cache/_logs/2025-12-02T20_24_24_706Z-debug-0.log
11 silly packumentCache heap:2197815296 maxSize:549453824 maxEntrySize:274726912
12 silly logfile done cleaning log files
13 silly idealTree buildDeps
14 silly reify moves {}
15 verbose stack Error: Could not read package.json: Error: ENOENT: no such file or directory, open '/home/mateus/repos/desafio-mad/package.json'
15 verbose stack     at async open (node:internal/fs/promises:639:25)
15 verbose stack     at async readFile (node:internal/fs/promises:1246:14)
15 verbose stack     at async read (/nix/store/30klhqzvmrpyawsnm2grjj1ly8s7xzw5-nodejs-20.19.5/lib/node_modules/npm/node_modules/@npmcli/package-json/lib/read-package.js:9:18)
15 verbose stack     at async PackageJson.load (/nix/store/30klhqzvmrpyawsnm2grjj1ly8s7xzw5-nodejs-20.19.5/lib/node_modules/npm/node_modules/@npmcli/package-json/lib/index.js:130:31)
15 verbose stack     at async PackageJson.normalize (/nix/store/30klhqzvmrpyawsnm2grjj1ly8s7xzw5-nodejs-20.19.5/lib/node_modules/npm/node_modules/@npmcli/package-json/lib/index.js:116:5)
15 verbose stack     at async runScript (/nix/store/30klhqzvmrpyawsnm2grjj1ly8s7xzw5-nodejs-20.19.5/lib/node_modules/npm/node_modules/@npmcli/run-script/lib/run-script.js:11:28)
15 verbose stack     at async Install.exec (/nix/store/30klhqzvmrpyawsnm2grjj1ly8s7xzw5-nodejs-20.19.5/lib/node_modules/npm/lib/commands/install.js:163:9)
15 verbose stack     at async Npm.exec (/nix/store/30klhqzvmrpyawsnm2grjj1ly8s7xzw5-nodejs-20.19.5/lib/node_modules/npm/lib/npm.js:207:9)
15 verbose stack     at async module.exports (/nix/store/30klhqzvmrpyawsnm2grjj1ly8s7xzw5-nodejs-20.19.5/lib/node_modules/npm/lib/cli/entry.js:74:5)
16 error code ENOENT
17 error syscall open
18 error path /home/mateus/repos/desafio-mad/package.json
19 error errno -2
20 error enoent Could not read package.json: Error: ENOENT: no such file or directory, open '/home/mateus/repos/desafio-mad/package.json'
21 error enoent This is related to npm not being able to find a file.
21 error enoent
22 verbose cwd /home/mateus/repos/desafio-mad
23 verbose os Linux 6.12.58
24 verbose node v20.19.5
25 verbose npm  v10.8.2
26 verbose exit -2
27 verbose code -2
28 error A complete log of this run can be found in: /home/mateus/repos/desafio-mad/.npm_cache/_logs/2025-12-02T20_24_24_706Z-debug-0.log
