0 verbose cli /nix/store/30klhqzvmrpyawsnm2grjj1ly8s7xzw5-nodejs-20.19.5/bin/node /nix/store/30klhqzvmrpyawsnm2grjj1ly8s7xzw5-nodejs-20.19.5/bin/npm
1 info using npm@10.8.2
2 info using node@v20.19.5
3 silly config load:file:/nix/store/30klhqzvmrpyawsnm2grjj1ly8s7xzw5-nodejs-20.19.5/lib/node_modules/npm/npmrc
4 silly config load:file:/home/mateus/repos/desafio-mad/.npmrc
5 silly config load:file:/home/mateus/.npmrc
6 silly config load:file:/home/mateus/repos/desafio-mad/.npm_global/etc/npmrc
7 verbose title npm install express
8 verbose argv "install" "express"
9 verbose logfile logs-max:10 dir:/home/mateus/repos/desafio-mad/.npm_cache/_logs/2025-12-02T20_24_36_826Z-
10 verbose logfile /home/mateus/repos/desafio-mad/.npm_cache/_logs/2025-12-02T20_24_36_826Z-debug-0.log
11 silly packumentCache heap:2197815296 maxSize:549453824 maxEntrySize:274726912
12 silly logfile done cleaning log files
13 silly idealTree buildDeps
14 silly fetch manifest express@*
15 silly packumentCache full:https://registry.npmjs.org/express cache-miss
16 http fetch GET 200 https://registry.npmjs.org/express 549ms (cache miss)
17 silly packumentCache full:https://registry.npmjs.org/express set size:undefined disposed:false
18 silly placeDep ROOT express@5.2.1 OK for:  want: *
19 silly fetch manifest qs@^6.14.0
20 silly packumentCache full:https://registry.npmjs.org/qs cache-miss
21 silly fetch manifest depd@^2.0.0
22 silly packumentCache full:https://registry.npmjs.org/depd cache-miss
23 silly fetch manifest etag@^1.8.1
24 silly packumentCache full:https://registry.npmjs.org/etag cache-miss
25 silly fetch manifest once@^1.4.0
26 silly packumentCache full:https://registry.npmjs.org/once cache-miss
27 silly fetch manifest send@^1.1.0
28 silly packumentCache full:https://registry.npmjs.org/send cache-miss
29 silly fetch manifest vary@^1.1.2
30 silly packumentCache full:https://registry.npmjs.org/vary cache-miss
31 silly fetch manifest debug@^4.4.0
32 silly packumentCache full:https://registry.npmjs.org/debug cache-miss
33 http fetch GET 200 https://registry.npmjs.org/qs 68ms (cache miss)
34 silly packumentCache full:https://registry.npmjs.org/qs set size:undefined disposed:false
35 silly fetch manifest fresh@^2.0.0
36 silly packumentCache full:https://registry.npmjs.org/fresh cache-miss
37 http fetch GET 200 https://registry.npmjs.org/etag 114ms (cache miss)
38 silly packumentCache full:https://registry.npmjs.org/etag set size:undefined disposed:false
39 silly fetch manifest cookie@^0.7.1
40 silly packumentCache full:https://registry.npmjs.org/cookie cache-miss
41 http fetch GET 200 https://registry.npmjs.org/vary 119ms (cache miss)
42 silly packumentCache full:https://registry.npmjs.org/vary set size:undefined disposed:false
43 silly fetch manifest router@^2.2.0
44 silly packumentCache full:https://registry.npmjs.org/router cache-miss
45 http fetch GET 200 https://registry.npmjs.org/fresh 52ms (cache miss)
46 silly packumentCache full:https://registry.npmjs.org/fresh set size:undefined disposed:false
47 silly fetch manifest accepts@^2.0.0
48 silly packumentCache full:https://registry.npmjs.org/accepts cache-miss
49 http fetch GET 200 https://registry.npmjs.org/depd 126ms (cache miss)
50 silly packumentCache full:https://registry.npmjs.org/depd set size:undefined disposed:false
51 silly fetch manifest type-is@^2.0.1
52 silly packumentCache full:https://registry.npmjs.org/type-is cache-miss
53 http fetch GET 200 https://registry.npmjs.org/once 130ms (cache miss)
54 silly packumentCache full:https://registry.npmjs.org/once set size:undefined disposed:false
55 silly fetch manifest parseurl@^1.3.3
56 silly packumentCache full:https://registry.npmjs.org/parseurl cache-miss
57 http fetch GET 200 https://registry.npmjs.org/send 132ms (cache miss)
58 silly packumentCache full:https://registry.npmjs.org/send set size:undefined disposed:false
59 silly fetch manifest statuses@^2.0.1
60 silly packumentCache full:https://registry.npmjs.org/statuses cache-miss
61 http fetch GET 200 https://registry.npmjs.org/debug 137ms (cache miss)
62 silly packumentCache full:https://registry.npmjs.org/debug set size:undefined disposed:false
63 silly fetch manifest encodeurl@^2.0.0
64 silly packumentCache full:https://registry.npmjs.org/encodeurl cache-miss
65 http fetch GET 200 https://registry.npmjs.org/accepts 33ms (cache miss)
66 silly packumentCache full:https://registry.npmjs.org/accepts set size:undefined disposed:false
67 silly fetch manifest mime-types@^3.0.0
68 silly packumentCache full:https://registry.npmjs.org/mime-types cache-miss
69 http fetch GET 200 https://registry.npmjs.org/type-is 43ms (cache miss)
70 silly packumentCache full:https://registry.npmjs.org/type-is set size:undefined disposed:false
71 silly fetch manifest proxy-addr@^2.0.7
72 silly packumentCache full:https://registry.npmjs.org/proxy-addr cache-miss
73 http fetch GET 200 https://registry.npmjs.org/parseurl 44ms (cache miss)
74 silly packumentCache full:https://registry.npmjs.org/parseurl set size:undefined disposed:false
75 silly fetch manifest body-parser@^2.2.1
76 silly packumentCache full:https://registry.npmjs.org/body-parser cache-miss
77 http fetch GET 200 https://registry.npmjs.org/cookie 66ms (cache miss)
78 silly packumentCache full:https://registry.npmjs.org/cookie set size:undefined disposed:false
79 silly fetch manifest escape-html@^1.0.3
80 silly packumentCache full:https://registry.npmjs.org/escape-html cache-miss
81 http fetch GET 200 https://registry.npmjs.org/encodeurl 46ms (cache miss)
82 silly packumentCache full:https://registry.npmjs.org/encodeurl set size:undefined disposed:false
83 silly fetch manifest http-errors@^2.0.0
84 silly packumentCache full:https://registry.npmjs.org/http-errors cache-miss
85 http fetch GET 200 https://registry.npmjs.org/router 67ms (cache miss)
86 silly packumentCache full:https://registry.npmjs.org/router set size:undefined disposed:false
87 silly fetch manifest on-finished@^2.4.1
88 silly packumentCache full:https://registry.npmjs.org/on-finished cache-miss
89 http fetch GET 200 https://registry.npmjs.org/statuses 54ms (cache miss)
90 silly packumentCache full:https://registry.npmjs.org/statuses set size:undefined disposed:false
91 silly fetch manifest content-type@^1.0.5
92 silly packumentCache full:https://registry.npmjs.org/content-type cache-miss
93 http fetch GET 200 https://registry.npmjs.org/mime-types 40ms (cache miss)
94 silly packumentCache full:https://registry.npmjs.org/mime-types set size:undefined disposed:false
95 silly fetch manifest finalhandler@^2.1.0
96 silly packumentCache full:https://registry.npmjs.org/finalhandler cache-miss
97 http fetch GET 200 https://registry.npmjs.org/proxy-addr 33ms (cache miss)
98 silly packumentCache full:https://registry.npmjs.org/proxy-addr set size:undefined disposed:false
99 silly fetch manifest range-parser@^1.2.1
100 silly packumentCache full:https://registry.npmjs.org/range-parser cache-miss
101 http fetch GET 200 https://registry.npmjs.org/body-parser 42ms (cache miss)
102 silly packumentCache full:https://registry.npmjs.org/body-parser set size:undefined disposed:false
103 silly fetch manifest serve-static@^2.2.0
104 silly packumentCache full:https://registry.npmjs.org/serve-static cache-miss
105 http fetch GET 200 https://registry.npmjs.org/escape-html 45ms (cache miss)
106 silly packumentCache full:https://registry.npmjs.org/escape-html set size:undefined disposed:false
107 silly fetch manifest cookie-signature@^1.2.1
108 silly packumentCache full:https://registry.npmjs.org/cookie-signature cache-miss
109 http fetch GET 200 https://registry.npmjs.org/on-finished 41ms (cache miss)
110 silly packumentCache full:https://registry.npmjs.org/on-finished set size:undefined disposed:false
111 silly fetch manifest merge-descriptors@^2.0.0
112 silly packumentCache full:https://registry.npmjs.org/merge-descriptors cache-miss
113 http fetch GET 200 https://registry.npmjs.org/content-type 40ms (cache miss)
114 silly packumentCache full:https://registry.npmjs.org/content-type set size:undefined disposed:false
115 silly fetch manifest content-disposition@^1.0.0
116 silly packumentCache full:https://registry.npmjs.org/content-disposition cache-miss
117 http fetch GET 200 https://registry.npmjs.org/http-errors 49ms (cache miss)
118 silly packumentCache full:https://registry.npmjs.org/http-errors set size:undefined disposed:false
119 http fetch GET 200 https://registry.npmjs.org/finalhandler 41ms (cache miss)
120 silly packumentCache full:https://registry.npmjs.org/finalhandler set size:undefined disposed:false
121 http fetch GET 200 https://registry.npmjs.org/range-parser 37ms (cache miss)
122 silly packumentCache full:https://registry.npmjs.org/range-parser set size:undefined disposed:false
123 http fetch GET 200 https://registry.npmjs.org/serve-static 40ms (cache miss)
124 silly packumentCache full:https://registry.npmjs.org/serve-static set size:undefined disposed:false
125 http fetch GET 200 https://registry.npmjs.org/content-disposition 49ms (cache miss)
126 silly packumentCache full:https://registry.npmjs.org/content-disposition set size:undefined disposed:false
127 http fetch GET 200 https://registry.npmjs.org/merge-descriptors 51ms (cache miss)
128 silly packumentCache full:https://registry.npmjs.org/merge-descriptors set size:undefined disposed:false
129 http fetch GET 200 https://registry.npmjs.org/cookie-signature 56ms (cache miss)
130 silly packumentCache full:https://registry.npmjs.org/cookie-signature set size:undefined disposed:false
131 silly placeDep ROOT accepts@2.0.0 OK for: express@5.2.1 want: ^2.0.0
132 silly placeDep ROOT body-parser@2.2.1 OK for: express@5.2.1 want: ^2.2.1
133 silly placeDep ROOT content-disposition@1.0.1 OK for: express@5.2.1 want: ^1.0.0
134 silly placeDep ROOT content-type@1.0.5 OK for: express@5.2.1 want: ^1.0.5
135 silly placeDep ROOT cookie@0.7.2 OK for: express@5.2.1 want: ^0.7.1
136 silly placeDep ROOT cookie-signature@1.2.2 OK for: express@5.2.1 want: ^1.2.1
137 silly placeDep ROOT debug@4.4.3 OK for: express@5.2.1 want: ^4.4.0
138 silly placeDep ROOT depd@2.0.0 OK for: express@5.2.1 want: ^2.0.0
139 silly placeDep ROOT encodeurl@2.0.0 OK for: express@5.2.1 want: ^2.0.0
140 silly placeDep ROOT escape-html@1.0.3 OK for: express@5.2.1 want: ^1.0.3
141 silly placeDep ROOT etag@1.8.1 OK for: express@5.2.1 want: ^1.8.1
142 silly placeDep ROOT finalhandler@2.1.1 OK for: express@5.2.1 want: ^2.1.0
143 silly placeDep ROOT fresh@2.0.0 OK for: express@5.2.1 want: ^2.0.0
144 silly placeDep ROOT http-errors@2.0.1 OK for: express@5.2.1 want: ^2.0.0
145 silly placeDep ROOT merge-descriptors@2.0.0 OK for: express@5.2.1 want: ^2.0.0
146 silly placeDep ROOT mime-types@3.0.2 OK for: express@5.2.1 want: ^3.0.0
147 silly placeDep ROOT on-finished@2.4.1 OK for: express@5.2.1 want: ^2.4.1
148 silly placeDep ROOT once@1.4.0 OK for: express@5.2.1 want: ^1.4.0
149 silly placeDep ROOT parseurl@1.3.3 OK for: express@5.2.1 want: ^1.3.3
150 silly placeDep ROOT proxy-addr@2.0.7 OK for: express@5.2.1 want: ^2.0.7
151 silly placeDep ROOT qs@6.14.0 OK for: express@5.2.1 want: ^6.14.0
152 silly placeDep ROOT range-parser@1.2.1 OK for: express@5.2.1 want: ^1.2.1
153 silly placeDep ROOT router@2.2.0 OK for: express@5.2.1 want: ^2.2.0
154 silly placeDep ROOT send@1.2.0 OK for: express@5.2.1 want: ^1.1.0
155 silly placeDep ROOT serve-static@2.2.0 OK for: express@5.2.1 want: ^2.2.0
156 silly placeDep ROOT statuses@2.0.2 OK for: express@5.2.1 want: ^2.0.1
157 silly placeDep ROOT type-is@2.0.1 OK for: express@5.2.1 want: ^2.0.1
158 silly placeDep ROOT vary@1.1.2 OK for: express@5.2.1 want: ^1.1.2
159 silly fetch manifest negotiator@^1.0.0
160 silly packumentCache full:https://registry.npmjs.org/negotiator cache-miss
161 silly fetch manifest bytes@^3.1.2
162 silly packumentCache full:https://registry.npmjs.org/bytes cache-miss
163 silly fetch manifest debug@^4.4.3
164 silly packumentCache full:https://registry.npmjs.org/debug cache-miss
165 silly fetch manifest raw-body@^3.0.1
166 silly packumentCache full:https://registry.npmjs.org/raw-body cache-miss
167 silly fetch manifest iconv-lite@^0.7.0
168 silly packumentCache full:https://registry.npmjs.org/iconv-lite cache-miss
169 silly fetch manifest ms@^2.1.3
170 silly packumentCache full:https://registry.npmjs.org/ms cache-miss
171 silly fetch manifest inherits@~2.0.4
172 silly packumentCache full:https://registry.npmjs.org/inherits cache-miss
173 http fetch GET 200 https://registry.npmjs.org/debug 16ms (cache hit)
174 silly packumentCache full:https://registry.npmjs.org/debug set size:195840 disposed:false
175 silly fetch manifest setprototypeof@~1.2.0
176 silly packumentCache full:https://registry.npmjs.org/setprototypeof cache-miss
177 http fetch GET 200 https://registry.npmjs.org/bytes 53ms (cache miss)
178 silly packumentCache full:https://registry.npmjs.org/bytes set size:undefined disposed:false
179 silly fetch manifest statuses@~2.0.2
180 silly packumentCache full:https://registry.npmjs.org/statuses cache-miss
181 http fetch GET 200 https://registry.npmjs.org/negotiator 59ms (cache miss)
182 silly packumentCache full:https://registry.npmjs.org/negotiator set size:undefined disposed:false
183 silly fetch manifest toidentifier@~1.0.1
184 silly packumentCache full:https://registry.npmjs.org/toidentifier cache-miss
185 http fetch GET 200 https://registry.npmjs.org/ms 57ms (cache miss)
186 silly packumentCache full:https://registry.npmjs.org/ms set size:undefined disposed:false
187 silly fetch manifest mime-db@^1.54.0
188 silly packumentCache full:https://registry.npmjs.org/mime-db cache-miss
189 http fetch GET 200 https://registry.npmjs.org/inherits 61ms (cache miss)
190 silly packumentCache full:https://registry.npmjs.org/inherits set size:undefined disposed:false
191 silly fetch manifest ee-first@1.1.1
192 silly packumentCache full:https://registry.npmjs.org/ee-first cache-miss
193 http fetch GET 200 https://registry.npmjs.org/raw-body 67ms (cache miss)
194 silly packumentCache full:https://registry.npmjs.org/raw-body set size:undefined disposed:false
195 silly fetch manifest wrappy@1
196 silly packumentCache full:https://registry.npmjs.org/wrappy cache-miss
197 http fetch GET 200 https://registry.npmjs.org/statuses 17ms (cache hit)
198 silly packumentCache full:https://registry.npmjs.org/statuses set size:37117 disposed:false
199 silly fetch manifest forwarded@0.2.0
200 silly packumentCache full:https://registry.npmjs.org/forwarded cache-miss
201 http fetch GET 200 https://registry.npmjs.org/iconv-lite 71ms (cache miss)
202 silly packumentCache full:https://registry.npmjs.org/iconv-lite set size:undefined disposed:false
203 silly fetch manifest ipaddr.js@1.9.1
204 silly packumentCache full:https://registry.npmjs.org/ipaddr.js cache-miss
205 http fetch GET 200 https://registry.npmjs.org/setprototypeof 58ms (cache miss)
206 silly packumentCache full:https://registry.npmjs.org/setprototypeof set size:undefined disposed:false
207 silly fetch manifest side-channel@^1.1.0
208 silly packumentCache full:https://registry.npmjs.org/side-channel cache-miss
209 http fetch GET 200 https://registry.npmjs.org/wrappy 42ms (cache miss)
210 silly packumentCache full:https://registry.npmjs.org/wrappy set size:undefined disposed:false
211 silly fetch manifest is-promise@^4.0.0
212 silly packumentCache full:https://registry.npmjs.org/is-promise cache-miss
213 http fetch GET 200 https://registry.npmjs.org/toidentifier 58ms (cache miss)
214 silly packumentCache full:https://registry.npmjs.org/toidentifier set size:undefined disposed:false
215 silly fetch manifest path-to-regexp@^8.0.0
216 silly packumentCache full:https://registry.npmjs.org/path-to-regexp cache-miss
217 http fetch GET 200 https://registry.npmjs.org/ee-first 52ms (cache miss)
218 silly packumentCache full:https://registry.npmjs.org/ee-first set size:undefined disposed:false
219 silly fetch manifest media-typer@^1.1.0
220 silly packumentCache full:https://registry.npmjs.org/media-typer cache-miss
221 http fetch GET 200 https://registry.npmjs.org/ipaddr.js 47ms (cache miss)
222 silly packumentCache full:https://registry.npmjs.org/ipaddr.js set size:undefined disposed:false
223 http fetch GET 200 https://registry.npmjs.org/mime-db 62ms (cache miss)
224 silly packumentCache full:https://registry.npmjs.org/mime-db set size:undefined disposed:false
225 http fetch GET 200 https://registry.npmjs.org/forwarded 54ms (cache miss)
226 silly packumentCache full:https://registry.npmjs.org/forwarded set size:undefined disposed:false
227 http fetch GET 200 https://registry.npmjs.org/side-channel 49ms (cache miss)
228 silly packumentCache full:https://registry.npmjs.org/side-channel set size:undefined disposed:false
229 http fetch GET 200 https://registry.npmjs.org/is-promise 43ms (cache miss)
230 silly packumentCache full:https://registry.npmjs.org/is-promise set size:undefined disposed:false
231 http fetch GET 200 https://registry.npmjs.org/path-to-regexp 42ms (cache miss)
232 silly packumentCache full:https://registry.npmjs.org/path-to-regexp set size:undefined disposed:false
233 http fetch GET 200 https://registry.npmjs.org/media-typer 50ms (cache miss)
234 silly packumentCache full:https://registry.npmjs.org/media-typer set size:undefined disposed:false
235 silly placeDep ROOT negotiator@1.0.0 OK for: accepts@2.0.0 want: ^1.0.0
236 silly placeDep ROOT bytes@3.1.2 OK for: body-parser@2.2.1 want: ^3.1.2
237 silly placeDep ROOT iconv-lite@0.7.0 OK for: body-parser@2.2.1 want: ^0.7.0
238 silly placeDep ROOT raw-body@3.0.2 OK for: body-parser@2.2.1 want: ^3.0.1
239 silly fetch manifest safer-buffer@>= 2.1.2 < 3.0.0
240 silly packumentCache full:https://registry.npmjs.org/safer-buffer cache-miss
241 silly fetch manifest unpipe@~1.0.0
242 silly packumentCache full:https://registry.npmjs.org/unpipe cache-miss
243 http fetch GET 200 https://registry.npmjs.org/unpipe 44ms (cache miss)
244 silly packumentCache full:https://registry.npmjs.org/unpipe set size:undefined disposed:false
245 http fetch GET 200 https://registry.npmjs.org/safer-buffer 94ms (cache miss)
246 silly packumentCache full:https://registry.npmjs.org/safer-buffer set size:undefined disposed:false
247 silly placeDep ROOT ms@2.1.3 OK for: debug@4.4.3 want: ^2.1.3
248 silly placeDep ROOT inherits@2.0.4 OK for: http-errors@2.0.1 want: ~2.0.4
249 silly placeDep ROOT setprototypeof@1.2.0 OK for: http-errors@2.0.1 want: ~1.2.0
250 silly placeDep ROOT toidentifier@1.0.1 OK for: http-errors@2.0.1 want: ~1.0.1
251 silly placeDep ROOT safer-buffer@2.1.2 OK for: iconv-lite@0.7.0 want: >= 2.1.2 < 3.0.0
252 silly placeDep ROOT mime-db@1.54.0 OK for: mime-types@3.0.2 want: ^1.54.0
253 silly placeDep ROOT ee-first@1.1.1 OK for: on-finished@2.4.1 want: 1.1.1
254 silly placeDep ROOT wrappy@1.0.2 OK for: once@1.4.0 want: 1
255 silly placeDep ROOT forwarded@0.2.0 OK for: proxy-addr@2.0.7 want: 0.2.0
256 silly placeDep ROOT ipaddr.js@1.9.1 OK for: proxy-addr@2.0.7 want: 1.9.1
257 silly placeDep ROOT side-channel@1.1.0 OK for: qs@6.14.0 want: ^1.1.0
258 silly fetch manifest es-errors@^1.3.0
259 silly packumentCache full:https://registry.npmjs.org/es-errors cache-miss
260 silly fetch manifest object-inspect@^1.13.3
261 silly packumentCache full:https://registry.npmjs.org/object-inspect cache-miss
262 silly fetch manifest side-channel-list@^1.0.0
263 silly packumentCache full:https://registry.npmjs.org/side-channel-list cache-miss
264 silly fetch manifest side-channel-map@^1.0.1
265 silly packumentCache full:https://registry.npmjs.org/side-channel-map cache-miss
266 silly fetch manifest side-channel-weakmap@^1.0.2
267 silly packumentCache full:https://registry.npmjs.org/side-channel-weakmap cache-miss
268 http fetch GET 200 https://registry.npmjs.org/side-channel-list 52ms (cache miss)
269 silly packumentCache full:https://registry.npmjs.org/side-channel-list set size:undefined disposed:false
270 http fetch GET 200 https://registry.npmjs.org/side-channel-weakmap 51ms (cache miss)
271 silly packumentCache full:https://registry.npmjs.org/side-channel-weakmap set size:undefined disposed:false
272 http fetch GET 200 https://registry.npmjs.org/side-channel-map 53ms (cache miss)
273 silly packumentCache full:https://registry.npmjs.org/side-channel-map set size:undefined disposed:false
274 http fetch GET 200 https://registry.npmjs.org/es-errors 57ms (cache miss)
275 silly packumentCache full:https://registry.npmjs.org/es-errors set size:undefined disposed:false
276 http fetch GET 200 https://registry.npmjs.org/object-inspect 60ms (cache miss)
277 silly packumentCache full:https://registry.npmjs.org/object-inspect set size:undefined disposed:false
278 silly placeDep ROOT unpipe@1.0.0 OK for: raw-body@3.0.2 want: ~1.0.0
279 silly placeDep ROOT is-promise@4.0.0 OK for: router@2.2.0 want: ^4.0.0
280 silly placeDep ROOT path-to-regexp@8.3.0 OK for: router@2.2.0 want: ^8.0.0
281 silly placeDep ROOT es-errors@1.3.0 OK for: side-channel@1.1.0 want: ^1.3.0
282 silly placeDep ROOT object-inspect@1.13.4 OK for: side-channel@1.1.0 want: ^1.13.3
283 silly placeDep ROOT side-channel-list@1.0.0 OK for: side-channel@1.1.0 want: ^1.0.0
284 silly placeDep ROOT side-channel-map@1.0.1 OK for: side-channel@1.1.0 want: ^1.0.1
285 silly placeDep ROOT side-channel-weakmap@1.0.2 OK for: side-channel@1.1.0 want: ^1.0.2
286 silly fetch manifest call-bound@^1.0.2
287 silly packumentCache full:https://registry.npmjs.org/call-bound cache-miss
288 silly fetch manifest get-intrinsic@^1.2.5
289 silly packumentCache full:https://registry.npmjs.org/get-intrinsic cache-miss
290 silly fetch manifest call-bound@^1.0.2
291 silly packumentCache full:https://registry.npmjs.org/call-bound cache-miss
292 silly fetch manifest get-intrinsic@^1.2.5
293 silly packumentCache full:https://registry.npmjs.org/get-intrinsic cache-miss
294 http fetch GET 200 https://registry.npmjs.org/call-bound 58ms (cache miss)
295 silly packumentCache full:https://registry.npmjs.org/call-bound set size:undefined disposed:false
296 http fetch GET 200 https://registry.npmjs.org/call-bound 58ms (cache miss)
297 silly packumentCache full:https://registry.npmjs.org/call-bound set size:undefined disposed:false
298 http fetch GET 200 https://registry.npmjs.org/get-intrinsic 59ms (cache miss)
299 silly packumentCache full:https://registry.npmjs.org/get-intrinsic set size:undefined disposed:false
300 http fetch GET 200 https://registry.npmjs.org/get-intrinsic 63ms (cache miss)
301 silly packumentCache full:https://registry.npmjs.org/get-intrinsic set size:undefined disposed:false
302 silly placeDep ROOT call-bound@1.0.4 OK for: side-channel-map@1.0.1 want: ^1.0.2
303 silly placeDep ROOT get-intrinsic@1.3.0 OK for: side-channel-map@1.0.1 want: ^1.2.5
304 silly fetch manifest call-bind-apply-helpers@^1.0.2
305 silly packumentCache full:https://registry.npmjs.org/call-bind-apply-helpers cache-miss
306 silly fetch manifest get-intrinsic@^1.3.0
307 silly packumentCache full:https://registry.npmjs.org/get-intrinsic cache-miss
308 silly fetch manifest gopd@^1.2.0
309 silly packumentCache full:https://registry.npmjs.org/gopd cache-miss
310 silly fetch manifest hasown@^2.0.2
311 silly packumentCache full:https://registry.npmjs.org/hasown cache-miss
312 silly fetch manifest get-proto@^1.0.1
313 silly packumentCache full:https://registry.npmjs.org/get-proto cache-miss
314 silly fetch manifest has-symbols@^1.1.0
315 silly packumentCache full:https://registry.npmjs.org/has-symbols cache-miss
316 silly fetch manifest function-bind@^1.1.2
317 silly packumentCache full:https://registry.npmjs.org/function-bind cache-miss
318 http fetch GET 200 https://registry.npmjs.org/get-intrinsic 16ms (cache hit)
319 silly packumentCache full:https://registry.npmjs.org/get-intrinsic set size:60985 disposed:false
320 silly fetch manifest es-object-atoms@^1.1.1
321 silly packumentCache full:https://registry.npmjs.org/es-object-atoms cache-miss
322 http fetch GET 200 https://registry.npmjs.org/get-proto 50ms (cache miss)
323 silly packumentCache full:https://registry.npmjs.org/get-proto set size:undefined disposed:false
324 silly fetch manifest math-intrinsics@^1.1.0
325 silly packumentCache full:https://registry.npmjs.org/math-intrinsics cache-miss
326 http fetch GET 200 https://registry.npmjs.org/es-object-atoms 49ms (cache miss)
327 silly packumentCache full:https://registry.npmjs.org/es-object-atoms set size:undefined disposed:false
328 silly fetch manifest es-define-property@^1.0.1
329 silly packumentCache full:https://registry.npmjs.org/es-define-property cache-miss
330 http fetch GET 200 https://registry.npmjs.org/function-bind 63ms (cache miss)
331 silly packumentCache full:https://registry.npmjs.org/function-bind set size:undefined disposed:false
332 silly fetch manifest call-bind-apply-helpers@^1.0.2
333 silly packumentCache full:https://registry.npmjs.org/call-bind-apply-helpers cache-miss
334 http fetch GET 200 https://registry.npmjs.org/gopd 70ms (cache miss)
335 silly packumentCache full:https://registry.npmjs.org/gopd set size:undefined disposed:false
336 http fetch GET 200 https://registry.npmjs.org/call-bind-apply-helpers 73ms (cache miss)
337 silly packumentCache full:https://registry.npmjs.org/call-bind-apply-helpers set size:undefined disposed:false
338 http fetch GET 200 https://registry.npmjs.org/hasown 70ms (cache miss)
339 silly packumentCache full:https://registry.npmjs.org/hasown set size:undefined disposed:false
340 http fetch GET 200 https://registry.npmjs.org/has-symbols 69ms (cache miss)
341 silly packumentCache full:https://registry.npmjs.org/has-symbols set size:undefined disposed:false
342 http fetch GET 200 https://registry.npmjs.org/call-bind-apply-helpers 6ms (cache hit)
343 silly packumentCache full:https://registry.npmjs.org/call-bind-apply-helpers set size:12744 disposed:false
344 http fetch GET 200 https://registry.npmjs.org/math-intrinsics 40ms (cache miss)
345 silly packumentCache full:https://registry.npmjs.org/math-intrinsics set size:undefined disposed:false
346 http fetch GET 200 https://registry.npmjs.org/es-define-property 52ms (cache miss)
347 silly packumentCache full:https://registry.npmjs.org/es-define-property set size:undefined disposed:false
348 silly placeDep ROOT call-bind-apply-helpers@1.0.2 OK for: call-bound@1.0.4 want: ^1.0.2
349 silly placeDep ROOT function-bind@1.1.2 OK for: call-bind-apply-helpers@1.0.2 want: ^1.1.2
350 silly placeDep ROOT es-define-property@1.0.1 OK for: get-intrinsic@1.3.0 want: ^1.0.1
351 silly placeDep ROOT es-object-atoms@1.1.1 OK for: get-intrinsic@1.3.0 want: ^1.1.1
352 silly placeDep ROOT get-proto@1.0.1 OK for: get-intrinsic@1.3.0 want: ^1.0.1
353 silly placeDep ROOT gopd@1.2.0 OK for: get-intrinsic@1.3.0 want: ^1.2.0
354 silly placeDep ROOT has-symbols@1.1.0 OK for: get-intrinsic@1.3.0 want: ^1.1.0
355 silly placeDep ROOT hasown@2.0.2 OK for: get-intrinsic@1.3.0 want: ^2.0.2
356 silly placeDep ROOT math-intrinsics@1.1.0 OK for: get-intrinsic@1.3.0 want: ^1.1.0
357 silly fetch manifest dunder-proto@^1.0.1
358 silly packumentCache full:https://registry.npmjs.org/dunder-proto cache-miss
359 http fetch GET 200 https://registry.npmjs.org/dunder-proto 43ms (cache miss)
360 silly packumentCache full:https://registry.npmjs.org/dunder-proto set size:undefined disposed:false
361 silly placeDep ROOT dunder-proto@1.0.1 OK for: get-proto@1.0.1 want: ^1.0.1
362 silly placeDep ROOT media-typer@1.1.0 OK for: type-is@2.0.1 want: ^1.1.0
363 silly reify moves {}
364 silly tarball no local data for dunder-proto@https://registry.npmjs.org/dunder-proto/-/dunder-proto-1.0.1.tgz. Extracting by manifest.
365 silly tarball no local data for media-typer@https://registry.npmjs.org/media-typer/-/media-typer-1.1.0.tgz. Extracting by manifest.
366 silly tarball no local data for has-symbols@https://registry.npmjs.org/has-symbols/-/has-symbols-1.1.0.tgz. Extracting by manifest.
367 silly tarball no local data for gopd@https://registry.npmjs.org/gopd/-/gopd-1.2.0.tgz. Extracting by manifest.
368 silly tarball no local data for hasown@https://registry.npmjs.org/hasown/-/hasown-2.0.2.tgz. Extracting by manifest.
369 silly tarball no local data for math-intrinsics@https://registry.npmjs.org/math-intrinsics/-/math-intrinsics-1.1.0.tgz. Extracting by manifest.
370 silly tarball no local data for get-proto@https://registry.npmjs.org/get-proto/-/get-proto-1.0.1.tgz. Extracting by manifest.
371 silly tarball no local data for es-object-atoms@https://registry.npmjs.org/es-object-atoms/-/es-object-atoms-1.1.1.tgz. Extracting by manifest.
372 silly tarball no local data for es-define-property@https://registry.npmjs.org/es-define-property/-/es-define-property-1.0.1.tgz. Extracting by manifest.
373 silly tarball no local data for call-bind-apply-helpers@https://registry.npmjs.org/call-bind-apply-helpers/-/call-bind-apply-helpers-1.0.2.tgz. Extracting by manifest.
374 silly tarball no local data for get-intrinsic@https://registry.npmjs.org/get-intrinsic/-/get-intrinsic-1.3.0.tgz. Extracting by manifest.
375 silly tarball no local data for function-bind@https://registry.npmjs.org/function-bind/-/function-bind-1.1.2.tgz. Extracting by manifest.
376 silly tarball no local data for call-bound@https://registry.npmjs.org/call-bound/-/call-bound-1.0.4.tgz. Extracting by manifest.
377 silly tarball no local data for side-channel-weakmap@https://registry.npmjs.org/side-channel-weakmap/-/side-channel-weakmap-1.0.2.tgz. Extracting by manifest.
378 silly tarball no local data for side-channel-list@https://registry.npmjs.org/side-channel-list/-/side-channel-list-1.0.0.tgz. Extracting by manifest.
379 silly tarball no local data for object-inspect@https://registry.npmjs.org/object-inspect/-/object-inspect-1.13.4.tgz. Extracting by manifest.
380 silly tarball no local data for side-channel-map@https://registry.npmjs.org/side-channel-map/-/side-channel-map-1.0.1.tgz. Extracting by manifest.
381 silly tarball no local data for path-to-regexp@https://registry.npmjs.org/path-to-regexp/-/path-to-regexp-8.3.0.tgz. Extracting by manifest.
382 silly tarball no local data for es-errors@https://registry.npmjs.org/es-errors/-/es-errors-1.3.0.tgz. Extracting by manifest.
383 silly tarball no local data for is-promise@https://registry.npmjs.org/is-promise/-/is-promise-4.0.0.tgz. Extracting by manifest.
384 silly tarball no local data for unpipe@https://registry.npmjs.org/unpipe/-/unpipe-1.0.0.tgz. Extracting by manifest.
385 silly tarball no local data for forwarded@https://registry.npmjs.org/forwarded/-/forwarded-0.2.0.tgz. Extracting by manifest.
386 silly tarball no local data for ipaddr.js@https://registry.npmjs.org/ipaddr.js/-/ipaddr.js-1.9.1.tgz. Extracting by manifest.
387 silly tarball no local data for wrappy@https://registry.npmjs.org/wrappy/-/wrappy-1.0.2.tgz. Extracting by manifest.
388 silly tarball no local data for mime-db@https://registry.npmjs.org/mime-db/-/mime-db-1.54.0.tgz. Extracting by manifest.
389 silly tarball no local data for ee-first@https://registry.npmjs.org/ee-first/-/ee-first-1.1.1.tgz. Extracting by manifest.
390 silly tarball no local data for safer-buffer@https://registry.npmjs.org/safer-buffer/-/safer-buffer-2.1.2.tgz. Extracting by manifest.
391 silly tarball no local data for toidentifier@https://registry.npmjs.org/toidentifier/-/toidentifier-1.0.1.tgz. Extracting by manifest.
392 silly tarball no local data for setprototypeof@https://registry.npmjs.org/setprototypeof/-/setprototypeof-1.2.0.tgz. Extracting by manifest.
393 silly tarball no local data for inherits@https://registry.npmjs.org/inherits/-/inherits-2.0.4.tgz. Extracting by manifest.
394 silly tarball no local data for side-channel@https://registry.npmjs.org/side-channel/-/side-channel-1.1.0.tgz. Extracting by manifest.
395 silly tarball no local data for ms@https://registry.npmjs.org/ms/-/ms-2.1.3.tgz. Extracting by manifest.
396 silly tarball no local data for raw-body@https://registry.npmjs.org/raw-body/-/raw-body-3.0.2.tgz. Extracting by manifest.
397 silly tarball no local data for iconv-lite@https://registry.npmjs.org/iconv-lite/-/iconv-lite-0.7.0.tgz. Extracting by manifest.
398 silly tarball no local data for bytes@https://registry.npmjs.org/bytes/-/bytes-3.1.2.tgz. Extracting by manifest.
399 silly tarball no local data for negotiator@https://registry.npmjs.org/negotiator/-/negotiator-1.0.0.tgz. Extracting by manifest.
400 silly tarball no local data for type-is@https://registry.npmjs.org/type-is/-/type-is-2.0.1.tgz. Extracting by manifest.
401 silly tarball no local data for vary@https://registry.npmjs.org/vary/-/vary-1.1.2.tgz. Extracting by manifest.
402 silly tarball no local data for statuses@https://registry.npmjs.org/statuses/-/statuses-2.0.2.tgz. Extracting by manifest.
403 silly tarball no local data for serve-static@https://registry.npmjs.org/serve-static/-/serve-static-2.2.0.tgz. Extracting by manifest.
404 silly tarball no local data for send@https://registry.npmjs.org/send/-/send-1.2.0.tgz. Extracting by manifest.
405 silly tarball no local data for router@https://registry.npmjs.org/router/-/router-2.2.0.tgz. Extracting by manifest.
406 silly tarball no local data for qs@https://registry.npmjs.org/qs/-/qs-6.14.0.tgz. Extracting by manifest.
407 silly tarball no local data for range-parser@https://registry.npmjs.org/range-parser/-/range-parser-1.2.1.tgz. Extracting by manifest.
408 silly tarball no local data for parseurl@https://registry.npmjs.org/parseurl/-/parseurl-1.3.3.tgz. Extracting by manifest.
409 silly tarball no local data for proxy-addr@https://registry.npmjs.org/proxy-addr/-/proxy-addr-2.0.7.tgz. Extracting by manifest.
410 silly tarball no local data for once@https://registry.npmjs.org/once/-/once-1.4.0.tgz. Extracting by manifest.
411 silly tarball no local data for merge-descriptors@https://registry.npmjs.org/merge-descriptors/-/merge-descriptors-2.0.0.tgz. Extracting by manifest.
412 silly tarball no local data for mime-types@https://registry.npmjs.org/mime-types/-/mime-types-3.0.2.tgz. Extracting by manifest.
413 silly tarball no local data for http-errors@https://registry.npmjs.org/http-errors/-/http-errors-2.0.1.tgz. Extracting by manifest.
414 silly tarball no local data for fresh@https://registry.npmjs.org/fresh/-/fresh-2.0.0.tgz. Extracting by manifest.
415 silly tarball no local data for finalhandler@https://registry.npmjs.org/finalhandler/-/finalhandler-2.1.1.tgz. Extracting by manifest.
416 silly tarball no local data for etag@https://registry.npmjs.org/etag/-/etag-1.8.1.tgz. Extracting by manifest.
417 silly tarball no local data for escape-html@https://registry.npmjs.org/escape-html/-/escape-html-1.0.3.tgz. Extracting by manifest.
418 silly tarball no local data for on-finished@https://registry.npmjs.org/on-finished/-/on-finished-2.4.1.tgz. Extracting by manifest.
419 silly tarball no local data for encodeurl@https://registry.npmjs.org/encodeurl/-/encodeurl-2.0.0.tgz. Extracting by manifest.
420 silly tarball no local data for depd@https://registry.npmjs.org/depd/-/depd-2.0.0.tgz. Extracting by manifest.
421 silly tarball no local data for debug@https://registry.npmjs.org/debug/-/debug-4.4.3.tgz. Extracting by manifest.
422 silly tarball no local data for cookie-signature@https://registry.npmjs.org/cookie-signature/-/cookie-signature-1.2.2.tgz. Extracting by manifest.
423 silly tarball no local data for cookie@https://registry.npmjs.org/cookie/-/cookie-0.7.2.tgz. Extracting by manifest.
424 silly tarball no local data for content-disposition@https://registry.npmjs.org/content-disposition/-/content-disposition-1.0.1.tgz. Extracting by manifest.
425 silly tarball no local data for content-type@https://registry.npmjs.org/content-type/-/content-type-1.0.5.tgz. Extracting by manifest.
426 silly tarball no local data for body-parser@https://registry.npmjs.org/body-parser/-/body-parser-2.2.1.tgz. Extracting by manifest.
427 silly tarball no local data for accepts@https://registry.npmjs.org/accepts/-/accepts-2.0.0.tgz. Extracting by manifest.
428 silly tarball no local data for express@https://registry.npmjs.org/express/-/express-5.2.1.tgz. Extracting by manifest.
429 http fetch GET 200 https://registry.npmjs.org/has-symbols/-/has-symbols-1.1.0.tgz 171ms (cache miss)
430 http fetch GET 200 https://registry.npmjs.org/dunder-proto/-/dunder-proto-1.0.1.tgz 192ms (cache miss)
431 http fetch GET 200 https://registry.npmjs.org/media-typer/-/media-typer-1.1.0.tgz 206ms (cache miss)
432 http fetch GET 200 https://registry.npmjs.org/hasown/-/hasown-2.0.2.tgz 212ms (cache miss)
433 http fetch GET 200 https://registry.npmjs.org/gopd/-/gopd-1.2.0.tgz 214ms (cache miss)
434 http fetch GET 200 https://registry.npmjs.org/get-proto/-/get-proto-1.0.1.tgz 226ms (cache miss)
435 http fetch GET 200 https://registry.npmjs.org/is-promise/-/is-promise-4.0.0.tgz 272ms (cache miss)
436 http fetch GET 200 https://registry.npmjs.org/forwarded/-/forwarded-0.2.0.tgz 279ms (cache miss)
437 http fetch GET 200 https://registry.npmjs.org/side-channel-map/-/side-channel-map-1.0.1.tgz 283ms (cache miss)
438 http fetch GET 200 https://registry.npmjs.org/unpipe/-/unpipe-1.0.0.tgz 298ms (cache miss)
439 http fetch GET 200 https://registry.npmjs.org/wrappy/-/wrappy-1.0.2.tgz 306ms (cache miss)
440 http fetch GET 200 https://registry.npmjs.org/ipaddr.js/-/ipaddr.js-1.9.1.tgz 318ms (cache miss)
441 http fetch GET 200 https://registry.npmjs.org/path-to-regexp/-/path-to-regexp-8.3.0.tgz 321ms (cache miss)
442 http fetch GET 200 https://registry.npmjs.org/setprototypeof/-/setprototypeof-1.2.0.tgz 327ms (cache miss)
443 http fetch GET 200 https://registry.npmjs.org/ee-first/-/ee-first-1.1.1.tgz 335ms (cache miss)
444 http fetch GET 200 https://registry.npmjs.org/side-channel/-/side-channel-1.1.0.tgz 332ms (cache miss)
445 http fetch GET 200 https://registry.npmjs.org/toidentifier/-/toidentifier-1.0.1.tgz 335ms (cache miss)
446 http fetch GET 200 https://registry.npmjs.org/es-define-property/-/es-define-property-1.0.1.tgz 348ms (cache miss)
447 http fetch GET 200 https://registry.npmjs.org/es-object-atoms/-/es-object-atoms-1.1.1.tgz 350ms (cache miss)
448 http fetch GET 200 https://registry.npmjs.org/mime-db/-/mime-db-1.54.0.tgz 340ms (cache miss)
449 http fetch GET 200 https://registry.npmjs.org/safer-buffer/-/safer-buffer-2.1.2.tgz 339ms (cache miss)
450 http fetch GET 200 https://registry.npmjs.org/es-errors/-/es-errors-1.3.0.tgz 351ms (cache miss)
451 http fetch GET 200 https://registry.npmjs.org/inherits/-/inherits-2.0.4.tgz 345ms (cache miss)
452 http fetch GET 200 https://registry.npmjs.org/ms/-/ms-2.1.3.tgz 344ms (cache miss)
453 http fetch GET 200 https://registry.npmjs.org/send/-/send-1.2.0.tgz 341ms (cache miss)
454 http fetch GET 200 https://registry.npmjs.org/bytes/-/bytes-3.1.2.tgz 348ms (cache miss)
455 http fetch GET 200 https://registry.npmjs.org/side-channel-weakmap/-/side-channel-weakmap-1.0.2.tgz 362ms (cache miss)
456 http fetch GET 200 https://registry.npmjs.org/merge-descriptors/-/merge-descriptors-2.0.0.tgz 341ms (cache miss)
457 http fetch GET 200 https://registry.npmjs.org/statuses/-/statuses-2.0.2.tgz 347ms (cache miss)
458 http fetch GET 200 https://registry.npmjs.org/vary/-/vary-1.1.2.tgz 348ms (cache miss)
459 http fetch GET 200 https://registry.npmjs.org/once/-/once-1.4.0.tgz 343ms (cache miss)
460 http fetch GET 200 https://registry.npmjs.org/raw-body/-/raw-body-3.0.2.tgz 356ms (cache miss)
461 http fetch GET 200 https://registry.npmjs.org/parseurl/-/parseurl-1.3.3.tgz 347ms (cache miss)
462 http fetch GET 200 https://registry.npmjs.org/mime-types/-/mime-types-3.0.2.tgz 345ms (cache miss)
463 http fetch GET 200 https://registry.npmjs.org/encodeurl/-/encodeurl-2.0.0.tgz 342ms (cache miss)
464 http fetch GET 200 https://registry.npmjs.org/range-parser/-/range-parser-1.2.1.tgz 349ms (cache miss)
465 http fetch GET 200 https://registry.npmjs.org/http-errors/-/http-errors-2.0.1.tgz 347ms (cache miss)
466 http fetch GET 200 https://registry.npmjs.org/on-finished/-/on-finished-2.4.1.tgz 346ms (cache miss)
467 http fetch GET 200 https://registry.npmjs.org/side-channel-list/-/side-channel-list-1.0.0.tgz 371ms (cache miss)
468 http fetch GET 200 https://registry.npmjs.org/proxy-addr/-/proxy-addr-2.0.7.tgz 352ms (cache miss)
469 http fetch GET 200 https://registry.npmjs.org/etag/-/etag-1.8.1.tgz 348ms (cache miss)
470 http fetch GET 200 https://registry.npmjs.org/math-intrinsics/-/math-intrinsics-1.1.0.tgz 379ms (cache miss)
471 http fetch GET 200 https://registry.npmjs.org/function-bind/-/function-bind-1.1.2.tgz 375ms (cache miss)
472 http fetch GET 200 https://registry.npmjs.org/escape-html/-/escape-html-1.0.3.tgz 350ms (cache miss)
473 http fetch GET 200 https://registry.npmjs.org/cookie/-/cookie-0.7.2.tgz 347ms (cache miss)
474 http fetch GET 200 https://registry.npmjs.org/type-is/-/type-is-2.0.1.tgz 359ms (cache miss)
475 http fetch GET 200 https://registry.npmjs.org/fresh/-/fresh-2.0.0.tgz 352ms (cache miss)
476 http fetch GET 200 https://registry.npmjs.org/debug/-/debug-4.4.3.tgz 349ms (cache miss)
477 http fetch GET 200 https://registry.npmjs.org/content-type/-/content-type-1.0.5.tgz 344ms (cache miss)
478 http fetch GET 200 https://registry.npmjs.org/cookie-signature/-/cookie-signature-1.2.2.tgz 349ms (cache miss)
479 http fetch GET 200 https://registry.npmjs.org/call-bound/-/call-bound-1.0.4.tgz 381ms (cache miss)
480 http fetch GET 200 https://registry.npmjs.org/call-bind-apply-helpers/-/call-bind-apply-helpers-1.0.2.tgz 383ms (cache miss)
481 http fetch GET 200 https://registry.npmjs.org/accepts/-/accepts-2.0.0.tgz 347ms (cache miss)
482 http fetch GET 200 https://registry.npmjs.org/body-parser/-/body-parser-2.2.1.tgz 349ms (cache miss)
483 http fetch GET 200 https://registry.npmjs.org/serve-static/-/serve-static-2.2.0.tgz 365ms (cache miss)
484 http fetch GET 200 https://registry.npmjs.org/finalhandler/-/finalhandler-2.1.1.tgz 359ms (cache miss)
485 http fetch GET 200 https://registry.npmjs.org/negotiator/-/negotiator-1.0.0.tgz 371ms (cache miss)
486 http fetch GET 200 https://registry.npmjs.org/content-disposition/-/content-disposition-1.0.1.tgz 352ms (cache miss)
487 http fetch GET 200 https://registry.npmjs.org/depd/-/depd-2.0.0.tgz 360ms (cache miss)
488 http fetch GET 200 https://registry.npmjs.org/get-intrinsic/-/get-intrinsic-1.3.0.tgz 389ms (cache miss)
489 http fetch GET 200 https://registry.npmjs.org/router/-/router-2.2.0.tgz 369ms (cache miss)
490 http fetch GET 200 https://registry.npmjs.org/express/-/express-5.2.1.tgz 356ms (cache miss)
491 http fetch GET 200 https://registry.npmjs.org/object-inspect/-/object-inspect-1.13.4.tgz 389ms (cache miss)
492 http fetch GET 200 https://registry.npmjs.org/qs/-/qs-6.14.0.tgz 372ms (cache miss)
493 http fetch GET 200 https://registry.npmjs.org/iconv-lite/-/iconv-lite-0.7.0.tgz 389ms (cache miss)
494 silly ADD node_modules/media-typer
495 silly ADD node_modules/dunder-proto
496 silly ADD node_modules/math-intrinsics
497 silly ADD node_modules/hasown
498 silly ADD node_modules/has-symbols
499 silly ADD node_modules/gopd
500 silly ADD node_modules/get-proto
501 silly ADD node_modules/es-object-atoms
502 silly ADD node_modules/es-define-property
503 silly ADD node_modules/function-bind
504 silly ADD node_modules/call-bind-apply-helpers
505 silly ADD node_modules/get-intrinsic
506 silly ADD node_modules/call-bound
507 silly ADD node_modules/side-channel-weakmap
508 silly ADD node_modules/side-channel-map
509 silly ADD node_modules/side-channel-list
510 silly ADD node_modules/object-inspect
511 silly ADD node_modules/es-errors
512 silly ADD node_modules/path-to-regexp
513 silly ADD node_modules/is-promise
514 silly ADD node_modules/unpipe
515 silly ADD node_modules/side-channel
516 silly ADD node_modules/ipaddr.js
517 silly ADD node_modules/forwarded
518 silly ADD node_modules/wrappy
519 silly ADD node_modules/ee-first
520 silly ADD node_modules/mime-db
521 silly ADD node_modules/safer-buffer
522 silly ADD node_modules/toidentifier
523 silly ADD node_modules/setprototypeof
524 silly ADD node_modules/inherits
525 silly ADD node_modules/ms
526 silly ADD node_modules/raw-body
527 silly ADD node_modules/iconv-lite
528 silly ADD node_modules/bytes
529 silly ADD node_modules/negotiator
530 silly ADD node_modules/vary
531 silly ADD node_modules/type-is
532 silly ADD node_modules/statuses
533 silly ADD node_modules/serve-static
534 silly ADD node_modules/send
535 silly ADD node_modules/router
536 silly ADD node_modules/range-parser
537 silly ADD node_modules/qs
538 silly ADD node_modules/proxy-addr
539 silly ADD node_modules/parseurl
540 silly ADD node_modules/once
541 silly ADD node_modules/on-finished
542 silly ADD node_modules/mime-types
543 silly ADD node_modules/merge-descriptors
544 silly ADD node_modules/http-errors
545 silly ADD node_modules/fresh
546 silly ADD node_modules/finalhandler
547 silly ADD node_modules/etag
548 silly ADD node_modules/escape-html
549 silly ADD node_modules/encodeurl
550 silly ADD node_modules/depd
551 silly ADD node_modules/debug
552 silly ADD node_modules/cookie-signature
553 silly ADD node_modules/cookie
554 silly ADD node_modules/content-type
555 silly ADD node_modules/content-disposition
556 silly ADD node_modules/body-parser
557 silly ADD node_modules/accepts
558 silly ADD node_modules/express
559 verbose cwd /home/mateus/repos/desafio-mad
560 verbose os Linux 6.12.58
561 verbose node v20.19.5
562 verbose npm  v10.8.2
563 verbose exit 0
564 info ok
